<html>
<head>
<title>TestNG:  Test</title>
<link href="../testng.css" rel="stylesheet" type="text/css" />
<link href="../my-testng.css" rel="stylesheet" type="text/css" />

<style type="text/css">
.log { display: none;} 
.stack-trace { display: none;} 
</style>
<script type="text/javascript">
<!--
function flip(e) {
  current = e.style.display;
  if (current == 'block') {
    e.style.display = 'none';
    return 0;
  }
  else {
    e.style.display = 'block';
    return 1;
  }
}

function toggleBox(szDivId, elem, msg1, msg2)
{
  var res = -1;  if (document.getElementById) {
    res = flip(document.getElementById(szDivId));
  }
  else if (document.all) {
    // this is the way old msie versions work
    res = flip(document.all[szDivId]);
  }
  if(elem) {
    if(res == 0) elem.innerHTML = msg1; else elem.innerHTML = msg2;
  }

}

function toggleAllBoxes() {
  if (document.getElementsByTagName) {
    d = document.getElementsByTagName('div');
    for (i = 0; i < d.length; i++) {
      if (d[i].className == 'log') {
        flip(d[i]);
      }
    }
  }
}

// -->
</script>

</head>
<body>
<h2 align='center'>Test</h2><table border='1' align="center">
<tr>
<td>Tests passed/Failed/Skipped:</td><td>33/1/2</td>
</tr><tr>
<td>Started on:</td><td>Fri Dec 07 02:01:14 PST 2018</td>
</tr>
<tr><td>Total time:</td><td>5 seconds (5252 ms)</td>
</tr><tr>
<td>Included groups:</td><td></td>
</tr><tr>
<td>Excluded groups:</td><td></td>
</tr>
</table><p/>
<small><i>(Hover the method name to see the test class name)</i></small><p/>
<table width='100%' border='1' class='invocation-failed'>
<tr><td colspan='4' align='center'><b>FAILED TESTS</b></td></tr>
<tr><td><b>Test method</b></td>
<td width="30%"><b>Exception</b></td>
<td width="10%"><b>Time (seconds)</b></td>
<td><b>Instance</b></td>
</tr>
<tr>
<td title='com.maven.testng1.BTest1.bTest2()'><b>bTest2</b><br>Test class: com.maven.testng1.BTest1</td>
<td><div><pre>org.testng.internal.thread.ThreadTimeoutException: Method com.maven.testng1.BTest1.bTest2() didn&apos;t finish within the time-out 5000
	at java.lang.ThreadGroup.remove(Unknown Source)
	at java.lang.ThreadGroup.threadTerminated(Unknown Source)
	at java.lang.Thread.exit(Unknown Source)
</pre></div><a href='#' onClick='toggleBox("stack-trace1632492873", this, "Click to show all stack frames", "Click to hide stack frames")'>Click to show all stack frames</a>
<div class='stack-trace' id='stack-trace1632492873'><pre>org.testng.internal.thread.ThreadTimeoutException: Method com.maven.testng1.BTest1.bTest2() didn&apos;t finish within the time-out 5000
	at java.lang.ThreadGroup.remove(Unknown Source)
	at java.lang.ThreadGroup.threadTerminated(Unknown Source)
	at java.lang.Thread.exit(Unknown Source)
</pre></div></td>
<td>5</td>
<td>com.maven.testng1.BTest1@5034c75a</td></tr>
</table><p>
<table width='100%' border='1' class='invocation-passed'>
<tr><td colspan='4' align='center'><b>PASSED TESTS</b></td></tr>
<tr><td><b>Test method</b></td>
<td width="30%"><b>Exception</b></td>
<td width="10%"><b>Time (seconds)</b></td>
<td><b>Instance</b></td>
</tr>
<tr>
<td title='com.maven.testng1.ATest1.aTest1()'><b>aTest1</b><br>Test class: com.maven.testng1.ATest1</td>
<td><div><pre>java.lang.ArithmeticException: / by zero
	at com.maven.testng1.ATest1.aTest1(ATest1.java:12)
... Removed 25 stack frames</pre></div><a href='#' onClick='toggleBox("stack-trace922872566", this, "Click to show all stack frames", "Click to hide stack frames")'>Click to show all stack frames</a>
<div class='stack-trace' id='stack-trace922872566'><pre>java.lang.ArithmeticException: / by zero
	at com.maven.testng1.ATest1.aTest1(ATest1.java:12)
	at sun.reflect.NativeMethodAccessorImpl.invoke0(Native Method)
	at sun.reflect.NativeMethodAccessorImpl.invoke(Unknown Source)
	at sun.reflect.DelegatingMethodAccessorImpl.invoke(Unknown Source)
	at java.lang.reflect.Method.invoke(Unknown Source)
	at org.testng.internal.MethodInvocationHelper.invokeMethod(MethodInvocationHelper.java:124)
	at org.testng.internal.Invoker.invokeMethod(Invoker.java:571)
	at org.testng.internal.Invoker.invokeTestMethod(Invoker.java:707)
	at org.testng.internal.Invoker.invokeTestMethods(Invoker.java:979)
	at org.testng.internal.TestMethodWorker.invokeTestMethods(TestMethodWorker.java:125)
	at org.testng.internal.TestMethodWorker.run(TestMethodWorker.java:109)
	at org.testng.TestRunner.privateRun(TestRunner.java:648)
	at org.testng.TestRunner.run(TestRunner.java:505)
	at org.testng.SuiteRunner.runTest(SuiteRunner.java:455)
	at org.testng.SuiteRunner.runSequentially(SuiteRunner.java:450)
	at org.testng.SuiteRunner.privateRun(SuiteRunner.java:415)
	at org.testng.SuiteRunner.run(SuiteRunner.java:364)
	at org.testng.SuiteRunnerWorker.runSuite(SuiteRunnerWorker.java:52)
	at org.testng.SuiteRunnerWorker.run(SuiteRunnerWorker.java:84)
	at org.testng.TestNG.runSuitesSequentially(TestNG.java:1187)
	at org.testng.TestNG.runSuitesLocally(TestNG.java:1116)
	at org.testng.TestNG.runSuites(TestNG.java:1028)
	at org.testng.TestNG.run(TestNG.java:996)
	at org.testng.remote.AbstractRemoteTestNG.run(AbstractRemoteTestNG.java:114)
	at org.testng.remote.RemoteTestNG.initAndRun(RemoteTestNG.java:251)
	at org.testng.remote.RemoteTestNG.main(RemoteTestNG.java:77)
</pre></div></td>
<td>0</td>
<td>com.maven.testng1.ATest1@36d4b5c</td></tr>
<tr>
<td title='com.maven.testng1.ATest1.aTest4()'><b>aTest4</b><br>Test class: com.maven.testng1.ATest1</td>
<td></td>
<td>0</td>
<td>com.maven.testng1.ATest1@36d4b5c</td></tr>
<tr>
<td title='com.maven.testng2.AATest2.aaTest1()'><b>aaTest1</b><br>Test class: com.maven.testng2.AATest2</td>
<td></td>
<td>0</td>
<td>com.maven.testng2.AATest2@7f9a81e8</td></tr>
<tr>
<td title='com.maven.testng2.AATest2.aaTest2()'><b>aaTest2</b><br>Test class: com.maven.testng2.AATest2</td>
<td></td>
<td>0</td>
<td>com.maven.testng2.AATest2@7f9a81e8</td></tr>
<tr>
<td title='com.maven.testng2.AATest2.aaTest3()'><b>aaTest3</b><br>Test class: com.maven.testng2.AATest2</td>
<td></td>
<td>0</td>
<td>com.maven.testng2.AATest2@7f9a81e8</td></tr>
<tr>
<td title='com.maven.testng2.AATest2.aaTest4()'><b>aaTest4</b><br>Test class: com.maven.testng2.AATest2</td>
<td></td>
<td>0</td>
<td>com.maven.testng2.AATest2@7f9a81e8</td></tr>
<tr>
<td title='com.maven.testng1.BTest1.bTest3()'><b>bTest3</b><br>Test class: com.maven.testng1.BTest1</td>
<td></td>
<td>0</td>
<td>com.maven.testng1.BTest1@5034c75a</td></tr>
<tr>
<td title='com.maven.testng1.BTest1.bTest3()'><b>bTest3</b><br>Test class: com.maven.testng1.BTest1</td>
<td></td>
<td>0</td>
<td>com.maven.testng1.BTest1@5034c75a</td></tr>
<tr>
<td title='com.maven.testng1.BTest1.bTest3()'><b>bTest3</b><br>Test class: com.maven.testng1.BTest1</td>
<td></td>
<td>0</td>
<td>com.maven.testng1.BTest1@5034c75a</td></tr>
<tr>
<td title='com.maven.testng1.BTest1.bTest3()'><b>bTest3</b><br>Test class: com.maven.testng1.BTest1</td>
<td></td>
<td>0</td>
<td>com.maven.testng1.BTest1@5034c75a</td></tr>
<tr>
<td title='com.maven.testng1.BTest1.bTest3()'><b>bTest3</b><br>Test class: com.maven.testng1.BTest1</td>
<td></td>
<td>0</td>
<td>com.maven.testng1.BTest1@5034c75a</td></tr>
<tr>
<td title='com.maven.testng1.BTest1.bTest3()'><b>bTest3</b><br>Test class: com.maven.testng1.BTest1</td>
<td></td>
<td>0</td>
<td>com.maven.testng1.BTest1@5034c75a</td></tr>
<tr>
<td title='com.maven.testng1.BTest1.bTest3()'><b>bTest3</b><br>Test class: com.maven.testng1.BTest1</td>
<td></td>
<td>0</td>
<td>com.maven.testng1.BTest1@5034c75a</td></tr>
<tr>
<td title='com.maven.testng1.BTest1.bTest3()'><b>bTest3</b><br>Test class: com.maven.testng1.BTest1</td>
<td></td>
<td>0</td>
<td>com.maven.testng1.BTest1@5034c75a</td></tr>
<tr>
<td title='com.maven.testng1.BTest1.bTest4()'><b>bTest4</b><br>Test class: com.maven.testng1.BTest1</td>
<td></td>
<td>0</td>
<td>com.maven.testng1.BTest1@5034c75a</td></tr>
<tr>
<td title='com.maven.testng2.BBTest2.bbTest21()'><b>bbTest21</b><br>Test class: com.maven.testng2.BBTest2</td>
<td></td>
<td>0</td>
<td>com.maven.testng2.BBTest2@2ef5e5e3</td></tr>
<tr>
<td title='com.maven.testng2.BBTest2.bbTest22()'><b>bbTest22</b><br>Test class: com.maven.testng2.BBTest2</td>
<td></td>
<td>0</td>
<td>com.maven.testng2.BBTest2@2ef5e5e3</td></tr>
<tr>
<td title='com.maven.testng2.BBTest2.bbTest23()'><b>bbTest23</b><br>Test class: com.maven.testng2.BBTest2</td>
<td></td>
<td>0</td>
<td>com.maven.testng2.BBTest2@2ef5e5e3</td></tr>
<tr>
<td title='com.maven.testng2.BBTest2.bbTest24()'><b>bbTest24</b><br>Test class: com.maven.testng2.BBTest2</td>
<td></td>
<td>0</td>
<td>com.maven.testng2.BBTest2@2ef5e5e3</td></tr>
<tr>
<td title='com.maven.testng3.CTest3.cTest1()'><b>cTest1</b><br>Test class: com.maven.testng3.CTest3</td>
<td></td>
<td>0</td>
<td>com.maven.testng3.CTest3@100fc185</td></tr>
<tr>
<td title='com.maven.testng3.CCTest3.cTest1()'><b>cTest1</b><br>Test class: com.maven.testng3.CCTest3</td>
<td></td>
<td>0</td>
<td>com.maven.testng3.CCTest3@51081592</td></tr>
<tr>
<td title='com.maven.testng3.CTest3.cTest2()'><b>cTest2</b><br>Test class: com.maven.testng3.CTest3</td>
<td></td>
<td>0</td>
<td>com.maven.testng3.CTest3@100fc185</td></tr>
<tr>
<td title='com.maven.testng3.CCTest3.cTest2()'><b>cTest2</b><br>Test class: com.maven.testng3.CCTest3</td>
<td></td>
<td>0</td>
<td>com.maven.testng3.CCTest3@51081592</td></tr>
<tr>
<td title='com.maven.testng3.CTest3.cTest3()'><b>cTest3</b><br>Test class: com.maven.testng3.CTest3</td>
<td></td>
<td>0</td>
<td>com.maven.testng3.CTest3@100fc185</td></tr>
<tr>
<td title='com.maven.testng3.CCTest3.cTest3()'><b>cTest3</b><br>Test class: com.maven.testng3.CCTest3</td>
<td></td>
<td>0</td>
<td>com.maven.testng3.CCTest3@51081592</td></tr>
<tr>
<td title='com.maven.testng3.CTest3.cTest4()'><b>cTest4</b><br>Test class: com.maven.testng3.CTest3</td>
<td></td>
<td>0</td>
<td>com.maven.testng3.CTest3@100fc185</td></tr>
<tr>
<td title='com.maven.testng3.CCTest3.cTest4()'><b>cTest4</b><br>Test class: com.maven.testng3.CCTest3</td>
<td></td>
<td>0</td>
<td>com.maven.testng3.CCTest3@51081592</td></tr>
<tr>
<td title='com.maven.testng.AppTest.verifyUser()'><b>verifyUser</b><br>Test class: com.maven.testng.AppTest<br>Parameters: null, kskjfd, Null Username</td>
<td></td>
<td>0</td>
<td>com.maven.testng.AppTest@643b1d11</td></tr>
<tr>
<td title='com.maven.testng.AppTest.verifyUser()'><b>verifyUser</b><br>Test class: com.maven.testng.AppTest<br>Parameters: #23ksjddf, null, Null Password</td>
<td></td>
<td>0</td>
<td>com.maven.testng.AppTest@643b1d11</td></tr>
<tr>
<td title='com.maven.testng.AppTest.verifyUser()'><b>verifyUser</b><br>Test class: com.maven.testng.AppTest<br>Parameters: , dfds, Empty Username</td>
<td></td>
<td>0</td>
<td>com.maven.testng.AppTest@643b1d11</td></tr>
<tr>
<td title='com.maven.testng.AppTest.verifyUser()'><b>verifyUser</b><br>Test class: com.maven.testng.AppTest<br>Parameters: kishor, , Empty Password</td>
<td></td>
<td>0</td>
<td>com.maven.testng.AppTest@643b1d11</td></tr>
<tr>
<td title='com.maven.testng.AppTest.verifyUser()'><b>verifyUser</b><br>Test class: com.maven.testng.AppTest<br>Parameters: kishor, kishor#23, Invalid Username and Password</td>
<td></td>
<td>0</td>
<td>com.maven.testng.AppTest@643b1d11</td></tr>
<tr>
<td title='com.maven.testng.AppTest.verifyUser()'><b>verifyUser</b><br>Test class: com.maven.testng.AppTest<br>Parameters: kishor, kishor12, Login_Sucessfull</td>
<td></td>
<td>0</td>
<td>com.maven.testng.AppTest@643b1d11</td></tr>
</table><p>
<table width='100%' border='1' class='invocation-skipped'>
<tr><td colspan='4' align='center'><b>SKIPPED TESTS</b></td></tr>
<tr><td><b>Test method</b></td>
<td width="30%"><b>Exception</b></td>
<td width="10%"><b>Time (seconds)</b></td>
<td><b>Instance</b></td>
</tr>
<tr>
<td title='com.maven.testng1.ATest1.aTest2()'><b>aTest2</b><br>Test class: com.maven.testng1.ATest1</td>
<td><div><pre>java.lang.Throwable: Method ATest1.aTest2()[pri:0, instance:com.maven.testng1.ATest1@36d4b5c] depends on not successfully finished methods
... Removed 18 stack frames</pre></div><a href='#' onClick='toggleBox("stack-trace319977154", this, "Click to show all stack frames", "Click to hide stack frames")'>Click to show all stack frames</a>
<div class='stack-trace' id='stack-trace319977154'><pre>java.lang.Throwable: Method ATest1.aTest2()[pri:0, instance:com.maven.testng1.ATest1@36d4b5c] depends on not successfully finished methods
	at org.testng.internal.Invoker.invokeTestMethods(Invoker.java:878)
	at org.testng.internal.TestMethodWorker.invokeTestMethods(TestMethodWorker.java:125)
	at org.testng.internal.TestMethodWorker.run(TestMethodWorker.java:109)
	at org.testng.TestRunner.privateRun(TestRunner.java:648)
	at org.testng.TestRunner.run(TestRunner.java:505)
	at org.testng.SuiteRunner.runTest(SuiteRunner.java:455)
	at org.testng.SuiteRunner.runSequentially(SuiteRunner.java:450)
	at org.testng.SuiteRunner.privateRun(SuiteRunner.java:415)
	at org.testng.SuiteRunner.run(SuiteRunner.java:364)
	at org.testng.SuiteRunnerWorker.runSuite(SuiteRunnerWorker.java:52)
	at org.testng.SuiteRunnerWorker.run(SuiteRunnerWorker.java:84)
	at org.testng.TestNG.runSuitesSequentially(TestNG.java:1187)
	at org.testng.TestNG.runSuitesLocally(TestNG.java:1116)
	at org.testng.TestNG.runSuites(TestNG.java:1028)
	at org.testng.TestNG.run(TestNG.java:996)
	at org.testng.remote.AbstractRemoteTestNG.run(AbstractRemoteTestNG.java:114)
	at org.testng.remote.RemoteTestNG.initAndRun(RemoteTestNG.java:251)
	at org.testng.remote.RemoteTestNG.main(RemoteTestNG.java:77)
</pre></div></td>
<td>0</td>
<td>null</td></tr>
<tr>
<td title='com.maven.testng1.ATest1.aTest3()'><b>aTest3</b><br>Test class: com.maven.testng1.ATest1</td>
<td><div><pre>java.lang.Throwable: Method ATest1.aTest3()[pri:0, instance:com.maven.testng1.ATest1@36d4b5c] depends on not successfully finished methods in group &quot;aa&quot;
... Removed 18 stack frames</pre></div><a href='#' onClick='toggleBox("stack-trace1766724936", this, "Click to show all stack frames", "Click to hide stack frames")'>Click to show all stack frames</a>
<div class='stack-trace' id='stack-trace1766724936'><pre>java.lang.Throwable: Method ATest1.aTest3()[pri:0, instance:com.maven.testng1.ATest1@36d4b5c] depends on not successfully finished methods in group &quot;aa&quot;
	at org.testng.internal.Invoker.invokeTestMethods(Invoker.java:878)
	at org.testng.internal.TestMethodWorker.invokeTestMethods(TestMethodWorker.java:125)
	at org.testng.internal.TestMethodWorker.run(TestMethodWorker.java:109)
	at org.testng.TestRunner.privateRun(TestRunner.java:648)
	at org.testng.TestRunner.run(TestRunner.java:505)
	at org.testng.SuiteRunner.runTest(SuiteRunner.java:455)
	at org.testng.SuiteRunner.runSequentially(SuiteRunner.java:450)
	at org.testng.SuiteRunner.privateRun(SuiteRunner.java:415)
	at org.testng.SuiteRunner.run(SuiteRunner.java:364)
	at org.testng.SuiteRunnerWorker.runSuite(SuiteRunnerWorker.java:52)
	at org.testng.SuiteRunnerWorker.run(SuiteRunnerWorker.java:84)
	at org.testng.TestNG.runSuitesSequentially(TestNG.java:1187)
	at org.testng.TestNG.runSuitesLocally(TestNG.java:1116)
	at org.testng.TestNG.runSuites(TestNG.java:1028)
	at org.testng.TestNG.run(TestNG.java:996)
	at org.testng.remote.AbstractRemoteTestNG.run(AbstractRemoteTestNG.java:114)
	at org.testng.remote.RemoteTestNG.initAndRun(RemoteTestNG.java:251)
	at org.testng.remote.RemoteTestNG.main(RemoteTestNG.java:77)
</pre></div></td>
<td>0</td>
<td>null</td></tr>
</table><p>
</body>
</html>